-------------------------------------------------------------------------------
Test set: net.guides.springboot2.springboot2jpacrudexample.ApplicationTests
-------------------------------------------------------------------------------
Tests run: 1, Failures: 0, Errors: 1, Skipped: 0, Time elapsed: 1.76 s <<< FAILURE! - in net.guides.springboot2.springboot2jpacrudexample.ApplicationTests
initializationError(net.guides.springboot2.springboot2jpacrudexample.ApplicationTests)  Time elapsed: 0.002 s  <<< ERROR!
java.lang.IllegalStateException: Unable to find a @SpringBootConfiguration, you need to use @ContextConfiguration or @SpringBootTest(classes=...) with your test

